# JRE version: Java(TM) SE Runtime Environment (7.0_45-b18) (build 1.7.0_45-b18)
# Java VM: Java HotSpot(TM) 64-Bit Server VM (24.45-b08 mixed mode windows-amd64 compressed oops)
Heap
 PSYoungGen      total 80896K, used 12004K [0x00000007d5880000, 0x00000007dd400000, 0x0000000800000000)
  eden space 74240K, 7% used [0x00000007d5880000,0x00000007d5dba3f8,0x00000007da100000)
  from space 6656K, 99% used [0x00000007da100000,0x00000007da77ef30,0x00000007da780000)
  to   space 11264K, 0% used [0x00000007dc900000,0x00000007dc900000,0x00000007dd400000)
 ParOldGen       total 86528K, used 17222K [0x0000000780a00000, 0x0000000785e80000, 0x00000007d5880000)
  object space 86528K, 19% used [0x0000000780a00000,0x0000000781ad1bd8,0x0000000785e80000)
 PSPermGen       total 30208K, used 29811K [0x000000077b800000, 0x000000077d580000, 0x0000000780a00000)
  object space 30208K, 98% used [0x000000077b800000,0x000000077d51cf98,0x000000077d580000)
GC Heap History (10 events):
Event: 17.242 GC heap before
{Heap before GC invocations=13 (full 0):
 PSYoungGen      total 33792K, used 30846K [0x00000007d5880000, 0x00000007d8f00000, 0x0000000800000000)
  eden space 29696K, 97% used [0x00000007d5880000,0x00000007d74c2c30,0x00000007d7580000)
  from space 4096K, 46% used [0x00000007d7980000,0x00000007d7b5cc68,0x00000007d7d80000)
  to   space 4096K, 0% used [0x00000007d7580000,0x00000007d7580000,0x00000007d7980000)
 ParOldGen       total 86528K, used 2748K [0x0000000780a00000, 0x0000000785e80000, 0x00000007d5880000)
  object space 86528K, 3% used [0x0000000780a00000,0x0000000780caf008,0x0000000785e80000)
 PSPermGen       total 21504K, used 16194K [0x000000077b800000, 0x000000077cd00000, 0x0000000780a00000)
  object space 21504K, 75% used [0x000000077b800000,0x000000077c7d09b8,0x000000077cd00000)
Event: 17.245 GC heap after
Heap after GC invocations=13 (full 0):
 PSYoungGen      total 33792K, used 2590K [0x00000007d5880000, 0x00000007d8f00000, 0x0000000800000000)
  eden space 29696K, 0% used [0x00000007d5880000,0x00000007d5880000,0x00000007d7580000)
  from space 4096K, 63% used [0x00000007d7580000,0x00000007d7807ac0,0x00000007d7980000)
  to   space 4096K, 0% used [0x00000007d8b00000,0x00000007d8b00000,0x00000007d8f00000)
 ParOldGen       total 86528K, used 3172K [0x0000000780a00000, 0x0000000785e80000, 0x00000007d5880000)
  object space 86528K, 3% used [0x0000000780a00000,0x0000000780d19008,0x0000000785e80000)
 PSPermGen       total 21504K, used 16194K [0x000000077b800000, 0x000000077cd00000, 0x0000000780a00000)
  object space 21504K, 75% used [0x000000077b800000,0x000000077c7d09b8,0x000000077cd00000)
}
Event: 17.392 GC heap before
{Heap before GC invocations=14 (full 0):
 PSYoungGen      total 33792K, used 32093K [0x00000007d5880000, 0x00000007d8f00000, 0x0000000800000000)
  eden space 29696K, 99% used [0x00000007d5880000,0x00000007d754fb68,0x00000007d7580000)
  from space 4096K, 63% used [0x00000007d7580000,0x00000007d7807ac0,0x00000007d7980000)
  to   space 4096K, 0% used [0x00000007d8b00000,0x00000007d8b00000,0x00000007d8f00000)
 ParOldGen       total 86528K, used 3172K [0x0000000780a00000, 0x0000000785e80000, 0x00000007d5880000)
  object space 86528K, 3% used [0x0000000780a00000,0x0000000780d19008,0x0000000785e80000)
 PSPermGen       total 21504K, used 16302K [0x000000077b800000, 0x000000077cd00000, 0x0000000780a00000)
  object space 21504K, 75% used [0x000000077b800000,0x000000077c7ebab0,0x000000077cd00000)
Event: 17.393 GC heap after
Heap after GC invocations=14 (full 0):
 PSYoungGen      total 51712K, used 192K [0x00000007d5880000, 0x00000007d8f00000, 0x0000000800000000)
  eden space 47616K, 0% used [0x00000007d5880000,0x00000007d5880000,0x00000007d8700000)
  from space 4096K, 4% used [0x00000007d8b00000,0x00000007d8b30000,0x00000007d8f00000)
  to   space 4096K, 0% used [0x00000007d8700000,0x00000007d8700000,0x00000007d8b00000)
 ParOldGen       total 86528K, used 3854K [0x0000000780a00000, 0x0000000785e80000, 0x00000007d5880000)
  object space 86528K, 4% used [0x0000000780a00000,0x0000000780dc39e0,0x0000000785e80000)
 PSPermGen       total 21504K, used 16302K [0x000000077b800000, 0x000000077cd00000, 0x0000000780a00000)
  object space 21504K, 75% used [0x000000077b800000,0x000000077c7ebab0,0x000000077cd00000)
}
Event: 17.606 GC heap before
{Heap before GC invocations=15 (full 0):
 PSYoungGen      total 51712K, used 46021K [0x00000007d5880000, 0x00000007d8f00000, 0x0000000800000000)
  eden space 47616K, 96% used [0x00000007d5880000,0x00000007d8541408,0x00000007d8700000)
  from space 4096K, 4% used [0x00000007d8b00000,0x00000007d8b30000,0x00000007d8f00000)
  to   space 4096K, 0% used [0x00000007d8700000,0x00000007d8700000,0x00000007d8b00000)
 ParOldGen       total 86528K, used 3854K [0x0000000780a00000, 0x0000000785e80000, 0x00000007d5880000)
  object space 86528K, 4% used [0x0000000780a00000,0x0000000780dc39e0,0x0000000785e80000)
 PSPermGen       total 21504K, used 16378K [0x000000077b800000, 0x000000077cd00000, 0x0000000780a00000)
  object space 21504K, 76% used [0x000000077b800000,0x000000077c7fe950,0x000000077cd00000)
Event: 17.607 GC heap after
Heap after GC invocations=15 (full 0):
 PSYoungGen      total 51712K, used 320K [0x00000007d5880000, 0x00000007dac00000, 0x0000000800000000)
  eden space 47616K, 0% used [0x00000007d5880000,0x00000007d5880000,0x00000007d8700000)
  from space 4096K, 7% used [0x00000007d8700000,0x00000007d8750020,0x00000007d8b00000)
  to   space 4608K, 0% used [0x00000007da780000,0x00000007da780000,0x00000007dac00000)
 ParOldGen       total 86528K, used 3902K [0x0000000780a00000, 0x0000000785e80000, 0x00000007d5880000)
  object space 86528K, 4% used [0x0000000780a00000,0x0000000780dcf9e0,0x0000000785e80000)
 PSPermGen       total 21504K, used 16378K [0x000000077b800000, 0x000000077cd00000, 0x0000000780a00000)
  object space 21504K, 76% used [0x000000077b800000,0x000000077c7fe950,0x000000077cd00000)
}
Event: 17.987 GC heap before
{Heap before GC invocations=16 (full 0):
 PSYoungGen      total 51712K, used 47936K [0x00000007d5880000, 0x00000007dac00000, 0x0000000800000000)
  eden space 47616K, 100% used [0x00000007d5880000,0x00000007d8700000,0x00000007d8700000)
  from space 4096K, 7% used [0x00000007d8700000,0x00000007d8750020,0x00000007d8b00000)
  to   space 4608K, 0% used [0x00000007da780000,0x00000007da780000,0x00000007dac00000)
 ParOldGen       total 86528K, used 3902K [0x0000000780a00000, 0x0000000785e80000, 0x00000007d5880000)
  object space 86528K, 4% used [0x0000000780a00000,0x0000000780dcf9e0,0x0000000785e80000)
 PSPermGen       total 21504K, used 18027K [0x000000077b800000, 0x000000077cd00000, 0x0000000780a00000)
  object space 21504K, 83% used [0x000000077b800000,0x000000077c99af08,0x000000077cd00000)
Event: 17.993 GC heap after
Heap after GC invocations=16 (full 0):
 PSYoungGen      total 78848K, used 4579K [0x00000007d5880000, 0x00000007db000000, 0x0000000800000000)
  eden space 74240K, 0% used [0x00000007d5880000,0x00000007d5880000,0x00000007da100000)
  from space 4608K, 99% used [0x00000007da780000,0x00000007dabf8ff0,0x00000007dac00000)
  to   space 6656K, 0% used [0x00000007da100000,0x00000007da100000,0x00000007da780000)
 ParOldGen       total 86528K, used 7660K [0x0000000780a00000, 0x0000000785e80000, 0x00000007d5880000)
  object space 86528K, 8% used [0x0000000780a00000,0x000000078117b038,0x0000000785e80000)
 PSPermGen       total 21504K, used 18027K [0x000000077b800000, 0x000000077cd00000, 0x0000000780a00000)
  object space 21504K, 83% used [0x000000077b800000,0x000000077c99af08,0x000000077cd00000)
}
Event: 18.954 GC heap before
{Heap before GC invocations=17 (full 0):
 PSYoungGen      total 78848K, used 78819K [0x00000007d5880000, 0x00000007db000000, 0x0000000800000000)
  eden space 74240K, 100% used [0x00000007d5880000,0x00000007da100000,0x00000007da100000)
  from space 4608K, 99% used [0x00000007da780000,0x00000007dabf8ff0,0x00000007dac00000)
  to   space 6656K, 0% used [0x00000007da100000,0x00000007da100000,0x00000007da780000)
 ParOldGen       total 86528K, used 7660K [0x0000000780a00000, 0x0000000785e80000, 0x00000007d5880000)
  object space 86528K, 8% used [0x0000000780a00000,0x000000078117b038,0x0000000785e80000)
 PSPermGen       total 30208K, used 29798K [0x000000077b800000, 0x000000077d580000, 0x0000000780a00000)
  object space 30208K, 98% used [0x000000077b800000,0x000000077d519bf8,0x000000077d580000)
Event: 18.964 GC heap after
Heap after GC invocations=17 (full 0):
 PSYoungGen      total 80896K, used 6651K [0x00000007d5880000, 0x00000007dd400000, 0x0000000800000000)
  eden space 74240K, 0% used [0x00000007d5880000,0x00000007d5880000,0x00000007da100000)
  from space 6656K, 99% used [0x00000007da100000,0x00000007da77ef30,0x00000007da780000)
  to   space 11264K, 0% used [0x00000007dc900000,0x00000007dc900000,0x00000007dd400000)
 ParOldGen       total 86528K, used 17222K [0x0000000780a00000, 0x0000000785e80000, 0x00000007d5880000)
  object space 86528K, 19% used [0x0000000780a00000,0x0000000781ad1bd8,0x0000000785e80000)
 PSPermGen       total 30208K, used 29798K [0x000000077b800000, 0x000000077d580000, 0x0000000780a00000)
  object space 30208K, 98% used [0x000000077b800000,0x000000077d519bf8,0x000000077d580000)
}

